<?xml version="1.0" encoding="UTF-8"?>
<!-- Generated by org.testng.reporters.JUnitReportReporter -->
<testsuite hostname="DESKTOP-F1IIB22" failures="0" tests="1" name="com.product.femverse.femverse.WomenPostmanRunner" time="125.750" errors="0" timestamp="2025-09-24T16:30:41 PKT" skipped="0">
  <testcase classname="com.product.femverse.femverse.WomenPostmanRunner" name="runWomenCollection" time="125.750"/>
</testsuite> <!-- com.product.femverse.femverse.WomenPostmanRunner -->
