<?xml version="1.0" encoding="UTF-8"?>
<!-- Generated by org.testng.reporters.JUnitReportReporter -->
<testsuite hostname="DESKTOP-F1IIB22" failures="0" tests="1" name="com.product.femverse.femverse.WomenPostmanRunner" time="64.517" errors="0" timestamp="2025-09-18T16:39:55 PKT" skipped="0">
  <testcase classname="com.product.femverse.femverse.WomenPostmanRunner" name="runWomenCollection" time="64.517"/>
</testsuite> <!-- com.product.femverse.femverse.WomenPostmanRunner -->
