<?xml version="1.0" encoding="UTF-8"?>
<!-- Generated by org.testng.reporters.JUnitReportReporter -->
<testsuite hostname="DESKTOP-F1IIB22" failures="0" tests="2" name="com.product.femverse.femverse.ChangePasswordAndSignInTest" time="4.722" errors="0" timestamp="2025-09-18T12:12:57 PKT" skipped="0">
  <testcase classname="com.product.femverse.femverse.ChangePasswordAndSignInTest" name="changePassword" time="3.185"/>
  <testcase classname="com.product.femverse.femverse.ChangePasswordAndSignInTest" name="signIn" time="1.537"/>
</testsuite> <!-- com.product.femverse.femverse.ChangePasswordAndSignInTest -->
