<?xml version="1.0" encoding="UTF-8"?>
<!-- Generated by org.testng.reporters.JUnitReportReporter -->
<testsuite hostname="DESKTOP-F1IIB22" failures="0" tests="1" name="com.product.femverse.femverse.SocialLogin" time="3.012" errors="0" timestamp="2025-09-18T12:12:57 PKT" skipped="0">
  <testcase classname="com.product.femverse.femverse.SocialLogin" name="signupNewUser" time="3.012"/>
</testsuite> <!-- com.product.femverse.femverse.SocialLogin -->
