<?xml version="1.0" encoding="UTF-8"?>
<!-- Generated by org.testng.reporters.JUnitReportReporter -->
<testsuite hostname="DESKTOP-F1IIB22" failures="0" tests="1" name="com.product.femverse.femverse.WomenPostmanRunner" time="203.754" errors="0" timestamp="2025-09-24T17:43:21 PKT" skipped="0">
  <testcase classname="com.product.femverse.femverse.WomenPostmanRunner" name="runWomenCollection" time="203.754"/>
</testsuite> <!-- com.product.femverse.femverse.WomenPostmanRunner -->
